[2026-05-01T08:02:52.917+0000] {local_task_job_runner.py:120} INFO - ::group::Pre task execution logs
[2026-05-01T08:02:52.929+0000] {taskinstance.py:2076} INFO - Dependencies all met for dep_context=non-requeueable deps ti=<TaskInstance: update_db.staging_table manual__2026-05-01T08:02:50.020391+00:00 [queued]>
[2026-05-01T08:02:52.933+0000] {taskinstance.py:2076} INFO - Dependencies all met for dep_context=requeueable deps ti=<TaskInstance: update_db.staging_table manual__2026-05-01T08:02:50.020391+00:00 [queued]>
[2026-05-01T08:02:52.933+0000] {taskinstance.py:2306} INFO - Starting attempt 1 of 1
[2026-05-01T08:02:52.938+0000] {taskinstance.py:2330} INFO - Executing <Task(_PythonDecoratedOperator): staging_table> on 2026-05-01 08:02:50.020391+00:00
[2026-05-01T08:02:52.943+0000] {standard_task_runner.py:63} INFO - Started process 394 to run task
[2026-05-01T08:02:52.947+0000] {standard_task_runner.py:90} INFO - Running: ['airflow', 'tasks', 'run', 'update_db', 'staging_table', 'manual__2026-05-01T08:02:50.020391+00:00', '--job-id', '102', '--raw', '--subdir', 'DAGS_FOLDER/api/main.py', '--cfg-path', '/tmp/tmp15mffj1g']
[2026-05-01T08:02:52.948+0000] {standard_task_runner.py:91} INFO - Job 102: Subtask staging_table
[2026-05-01T08:02:52.988+0000] {task_command.py:426} INFO - Running <TaskInstance: update_db.staging_table manual__2026-05-01T08:02:50.020391+00:00 [running]> on host b1e4dc749817
[2026-05-01T08:02:53.062+0000] {taskinstance.py:2648} INFO - Exporting env vars: AIRFLOW_CTX_DAG_EMAIL='tanguturi.kranthi1008@gmail.com' AIRFLOW_CTX_DAG_OWNER='airflow' AIRFLOW_CTX_DAG_ID='update_db' AIRFLOW_CTX_TASK_ID='staging_table' AIRFLOW_CTX_EXECUTION_DATE='2026-05-01T08:02:50.020391+00:00' AIRFLOW_CTX_TRY_NUMBER='1' AIRFLOW_CTX_DAG_RUN_ID='manual__2026-05-01T08:02:50.020391+00:00'
[2026-05-01T08:02:53.063+0000] {taskinstance.py:430} INFO - ::endgroup::
[2026-05-01T08:02:53.074+0000] {base.py:84} INFO - Using connection ID 'postgres_db_yt_elt' for task execution.
[2026-05-01T08:02:53.077+0000] {data_loading.py:13} INFO - Processing file: YT_data_2026-05-01
[2026-05-01T08:02:53.079+0000] {base.py:84} INFO - Using connection ID 'postgres_db_yt_elt' for task execution.
[2026-05-01T08:02:53.082+0000] {base.py:84} INFO - Using connection ID 'postgres_db_yt_elt' for task execution.
[2026-05-01T08:02:53.086+0000] {data_modification.py:57} INFO - Updated row with Video_Id : Ah_uuTwGOYU
[2026-05-01T08:02:53.087+0000] {data_modification.py:57} INFO - Updated row with Video_Id : KCRLP-zBacU
[2026-05-01T08:02:53.088+0000] {data_modification.py:57} INFO - Updated row with Video_Id : bn0Kh9c4Zv4
[2026-05-01T08:02:53.088+0000] {data_modification.py:57} INFO - Updated row with Video_Id : ZVt9ZJfWV1c
[2026-05-01T08:02:53.089+0000] {data_modification.py:57} INFO - Updated row with Video_Id : TJ2ifmkGGus
[2026-05-01T08:02:53.090+0000] {data_modification.py:57} INFO - Updated row with Video_Id : GLoeAJUcz38
[2026-05-01T08:02:53.090+0000] {data_modification.py:57} INFO - Updated row with Video_Id : anFxsa5jXrE
[2026-05-01T08:02:53.091+0000] {data_modification.py:57} INFO - Updated row with Video_Id : L8nh1wuXTbI
[2026-05-01T08:02:53.091+0000] {data_modification.py:57} INFO - Updated row with Video_Id : t4OumncEiKo
[2026-05-01T08:02:53.092+0000] {data_modification.py:57} INFO - Updated row with Video_Id : KcsRxHwGz7A
[2026-05-01T08:02:53.092+0000] {data_modification.py:57} INFO - Updated row with Video_Id : SaDDjW9Rw-M
[2026-05-01T08:02:53.093+0000] {data_modification.py:57} INFO - Updated row with Video_Id : 64WGWubQO3I
[2026-05-01T08:02:53.093+0000] {data_modification.py:57} INFO - Updated row with Video_Id : Ng_qwlvhrJo
[2026-05-01T08:02:53.093+0000] {data_modification.py:57} INFO - Updated row with Video_Id : oODUkNQAzXU
[2026-05-01T08:02:53.094+0000] {data_modification.py:57} INFO - Updated row with Video_Id : -mlok5iT3GE
[2026-05-01T08:02:53.094+0000] {data_modification.py:57} INFO - Updated row with Video_Id : JlUzoQN9FWw
[2026-05-01T08:02:53.095+0000] {data_modification.py:57} INFO - Updated row with Video_Id : BqS4iVHa-LU
[2026-05-01T08:02:53.095+0000] {data_modification.py:57} INFO - Updated row with Video_Id : ruSVy-u2DzM
[2026-05-01T08:02:53.095+0000] {data_modification.py:57} INFO - Updated row with Video_Id : 7Yi-ctyTNU4
[2026-05-01T08:02:53.096+0000] {data_modification.py:57} INFO - Updated row with Video_Id : 2XVcLrB7B3Y
[2026-05-01T08:02:53.096+0000] {dwh.py:49} ERROR - An error occurred while updating staging table: local variable 'id_to_delete' referenced before assignment
[2026-05-01T08:02:53.096+0000] {taskinstance.py:441} INFO - ::group::Post task execution logs
[2026-05-01T08:02:53.096+0000] {taskinstance.py:2905} ERROR - Task failed with exception
Traceback (most recent call last):
  File "/opt/airflow/dags/datawarehouse/data_modification.py", line 67, in delete_rows
    id_to_delete = f"""({','.join(f"'{id}'" for id in id_to_delete)})"""
UnboundLocalError: local variable 'id_to_delete' referenced before assignment

During handling of the above exception, another exception occurred:

Traceback (most recent call last):
  File "/home/airflow/.local/lib/python3.10/site-packages/airflow/models/taskinstance.py", line 465, in _execute_task
    result = _execute_callable(context=context, **execute_callable_kwargs)
  File "/home/airflow/.local/lib/python3.10/site-packages/airflow/models/taskinstance.py", line 432, in _execute_callable
    return execute_callable(context=context, **execute_callable_kwargs)
  File "/home/airflow/.local/lib/python3.10/site-packages/airflow/models/baseoperator.py", line 401, in wrapper
    return func(self, *args, **kwargs)
  File "/home/airflow/.local/lib/python3.10/site-packages/airflow/decorators/base.py", line 265, in execute
    return_value = super().execute(context)
  File "/home/airflow/.local/lib/python3.10/site-packages/airflow/models/baseoperator.py", line 401, in wrapper
    return func(self, *args, **kwargs)
  File "/home/airflow/.local/lib/python3.10/site-packages/airflow/operators/python.py", line 235, in execute
    return_value = self.execute_callable()
  File "/home/airflow/.local/lib/python3.10/site-packages/airflow/operators/python.py", line 252, in execute_callable
    return self.python_callable(*self.op_args, **self.op_kwargs)
  File "/opt/airflow/dags/datawarehouse/dwh.py", line 50, in staging_table
    raise e
  File "/opt/airflow/dags/datawarehouse/dwh.py", line 44, in staging_table
    delete_rows(cur,conn,schema,ids_to_delete)
  File "/opt/airflow/dags/datawarehouse/data_modification.py", line 78, in delete_rows
    logger.error(f"Error deleting rows with Video_Ids : {id_to_delete}")
UnboundLocalError: local variable 'id_to_delete' referenced before assignment
[2026-05-01T08:02:53.108+0000] {taskinstance.py:1206} INFO - Marking task as FAILED. dag_id=update_db, task_id=staging_table, run_id=manual__2026-05-01T08:02:50.020391+00:00, execution_date=20260501T080250, start_date=20260501T080252, end_date=20260501T080253
[2026-05-01T08:02:53.114+0000] {standard_task_runner.py:110} ERROR - Failed to execute job 102 for task staging_table (local variable 'id_to_delete' referenced before assignment; 394)
[2026-05-01T08:02:53.133+0000] {local_task_job_runner.py:240} INFO - Task exited with return code 1
[2026-05-01T08:02:53.146+0000] {taskinstance.py:3503} INFO - 0 downstream tasks scheduled from follow-on schedule check
[2026-05-01T08:02:53.148+0000] {local_task_job_runner.py:222} INFO - ::endgroup::
