[2026-03-26T15:00:02.966+0000] {local_task_job_runner.py:120} INFO - ::group::Pre task execution logs
[2026-03-26T15:00:02.978+0000] {taskinstance.py:2076} INFO - Dependencies all met for dep_context=non-requeueable deps ti=<TaskInstance: data_quality.soda_check_core scheduled__2026-03-25T15:00:00+00:00 [queued]>
[2026-03-26T15:00:02.982+0000] {taskinstance.py:2076} INFO - Dependencies all met for dep_context=requeueable deps ti=<TaskInstance: data_quality.soda_check_core scheduled__2026-03-25T15:00:00+00:00 [queued]>
[2026-03-26T15:00:02.982+0000] {taskinstance.py:2306} INFO - Starting attempt 1 of 1
[2026-03-26T15:00:02.988+0000] {taskinstance.py:2330} INFO - Executing <Task(BashOperator): soda_check_core> on 2026-03-25 15:00:00+00:00
[2026-03-26T15:00:02.990+0000] {standard_task_runner.py:63} INFO - Started process 5661 to run task
[2026-03-26T15:00:02.992+0000] {standard_task_runner.py:90} INFO - Running: ['airflow', 'tasks', 'run', 'data_quality', 'soda_check_core', 'scheduled__2026-03-25T15:00:00+00:00', '--job-id', '76', '--raw', '--subdir', 'DAGS_FOLDER/api/main.py', '--cfg-path', '/tmp/tmpkshhli4m']
[2026-03-26T15:00:02.993+0000] {standard_task_runner.py:91} INFO - Job 76: Subtask soda_check_core
[2026-03-26T15:00:03.022+0000] {task_command.py:426} INFO - Running <TaskInstance: data_quality.soda_check_core scheduled__2026-03-25T15:00:00+00:00 [running]> on host c2229bc9173c
[2026-03-26T15:00:03.061+0000] {taskinstance.py:2648} INFO - Exporting env vars: AIRFLOW_CTX_DAG_EMAIL='tanguturi.kranthi1008@gmail.com' AIRFLOW_CTX_DAG_OWNER='airflow' AIRFLOW_CTX_DAG_ID='data_quality' AIRFLOW_CTX_TASK_ID='soda_check_core' AIRFLOW_CTX_EXECUTION_DATE='2026-03-25T15:00:00+00:00' AIRFLOW_CTX_TRY_NUMBER='1' AIRFLOW_CTX_DAG_RUN_ID='scheduled__2026-03-25T15:00:00+00:00'
[2026-03-26T15:00:03.062+0000] {taskinstance.py:430} INFO - ::endgroup::
[2026-03-26T15:00:03.062+0000] {subprocess.py:63} INFO - Tmp dir root location: /tmp
[2026-03-26T15:00:03.063+0000] {subprocess.py:75} INFO - Running command: ['/usr/bin/bash', '-c', 'soda scan -d pg_datasource -c /opt/airflow/include/soda/configuration.yaml -v SCHEMA=core /opt/airflow/include/soda/checks.yaml']
[2026-03-26T15:00:03.067+0000] {subprocess.py:86} INFO - Output:
[2026-03-26T15:00:03.603+0000] {subprocess.py:93} INFO - [15:00:03] Soda Core 3.3.14
[2026-03-26T15:00:03.646+0000] {subprocess.py:93} INFO - [15:00:03] Scan summary:
[2026-03-26T15:00:03.646+0000] {subprocess.py:93} INFO - [15:00:03] 4/4 checks PASSED:
[2026-03-26T15:00:03.646+0000] {subprocess.py:93} INFO - [15:00:03]     yt_api in pg_datasource
[2026-03-26T15:00:03.646+0000] {subprocess.py:93} INFO - [15:00:03]       Check for Likes_Count greater than Video_Views [PASSED]
[2026-03-26T15:00:03.646+0000] {subprocess.py:93} INFO - [15:00:03]       Check for Comments_Count greater than Video_Views [PASSED]
[2026-03-26T15:00:03.646+0000] {subprocess.py:93} INFO - [15:00:03]       missing_count("Video_Id") = 0 [PASSED]
[2026-03-26T15:00:03.647+0000] {subprocess.py:93} INFO - [15:00:03]       duplicate_count("Video_Id") = 0 [PASSED]
[2026-03-26T15:00:03.647+0000] {subprocess.py:93} INFO - [15:00:03] All is good. No failures. No warnings. No errors.
[2026-03-26T15:00:04.304+0000] {subprocess.py:97} INFO - Command exited with return code 0
[2026-03-26T15:00:04.304+0000] {taskinstance.py:441} INFO - ::group::Post task execution logs
[2026-03-26T15:00:04.322+0000] {taskinstance.py:1206} INFO - Marking task as SUCCESS. dag_id=data_quality, task_id=soda_check_core, run_id=scheduled__2026-03-25T15:00:00+00:00, execution_date=20260325T150000, start_date=20260326T150002, end_date=20260326T150004
[2026-03-26T15:00:04.349+0000] {local_task_job_runner.py:240} INFO - Task exited with return code 0
[2026-03-26T15:00:04.360+0000] {taskinstance.py:3503} INFO - 0 downstream tasks scheduled from follow-on schedule check
[2026-03-26T15:00:04.361+0000] {local_task_job_runner.py:222} INFO - ::endgroup::
