[2026-03-22T18:35:24.625+0000] {local_task_job_runner.py:120} INFO - ::group::Pre task execution logs
[2026-03-22T18:35:24.640+0000] {taskinstance.py:2076} INFO - Dependencies all met for dep_context=non-requeueable deps ti=<TaskInstance: update_db.staging_table manual__2026-03-22T18:35:23.681109+00:00 [queued]>
[2026-03-22T18:35:24.644+0000] {taskinstance.py:2076} INFO - Dependencies all met for dep_context=requeueable deps ti=<TaskInstance: update_db.staging_table manual__2026-03-22T18:35:23.681109+00:00 [queued]>
[2026-03-22T18:35:24.644+0000] {taskinstance.py:2306} INFO - Starting attempt 1 of 1
[2026-03-22T18:35:24.649+0000] {taskinstance.py:2330} INFO - Executing <Task(_PythonDecoratedOperator): staging_table> on 2026-03-22 18:35:23.681109+00:00
[2026-03-22T18:35:24.652+0000] {standard_task_runner.py:63} INFO - Started process 1011 to run task
[2026-03-22T18:35:24.655+0000] {standard_task_runner.py:90} INFO - Running: ['airflow', 'tasks', 'run', 'update_db', 'staging_table', 'manual__2026-03-22T18:35:23.681109+00:00', '--job-id', '30', '--raw', '--subdir', 'DAGS_FOLDER/api/main.py', '--cfg-path', '/tmp/tmpicg004cw']
[2026-03-22T18:35:24.656+0000] {standard_task_runner.py:91} INFO - Job 30: Subtask staging_table
[2026-03-22T18:35:24.687+0000] {task_command.py:426} INFO - Running <TaskInstance: update_db.staging_table manual__2026-03-22T18:35:23.681109+00:00 [running]> on host 0f6d464e48ad
[2026-03-22T18:35:24.727+0000] {taskinstance.py:2648} INFO - Exporting env vars: AIRFLOW_CTX_DAG_EMAIL='tanguturi.kranthi1008@gmail.com' AIRFLOW_CTX_DAG_OWNER='airflow' AIRFLOW_CTX_DAG_ID='update_db' AIRFLOW_CTX_TASK_ID='staging_table' AIRFLOW_CTX_EXECUTION_DATE='2026-03-22T18:35:23.681109+00:00' AIRFLOW_CTX_TRY_NUMBER='1' AIRFLOW_CTX_DAG_RUN_ID='manual__2026-03-22T18:35:23.681109+00:00'
[2026-03-22T18:35:24.728+0000] {taskinstance.py:430} INFO - ::endgroup::
[2026-03-22T18:35:24.734+0000] {base.py:84} INFO - Using connection ID 'postgres_db_yt_elt' for task execution.
[2026-03-22T18:35:24.736+0000] {data_loading.py:13} INFO - Processing file: YT_data_2026-03-22
[2026-03-22T18:35:24.737+0000] {base.py:84} INFO - Using connection ID 'postgres_db_yt_elt' for task execution.
[2026-03-22T18:35:24.740+0000] {base.py:84} INFO - Using connection ID 'postgres_db_yt_elt' for task execution.
[2026-03-22T18:35:24.742+0000] {dwh.py:48} ERROR - An error occurred while updating staging table: 'Video_Id'
[2026-03-22T18:35:24.742+0000] {taskinstance.py:441} INFO - ::group::Post task execution logs
[2026-03-22T18:35:24.742+0000] {taskinstance.py:2905} ERROR - Task failed with exception
Traceback (most recent call last):
  File "/home/airflow/.local/lib/python3.10/site-packages/airflow/models/taskinstance.py", line 465, in _execute_task
    result = _execute_callable(context=context, **execute_callable_kwargs)
  File "/home/airflow/.local/lib/python3.10/site-packages/airflow/models/taskinstance.py", line 432, in _execute_callable
    return execute_callable(context=context, **execute_callable_kwargs)
  File "/home/airflow/.local/lib/python3.10/site-packages/airflow/models/baseoperator.py", line 401, in wrapper
    return func(self, *args, **kwargs)
  File "/home/airflow/.local/lib/python3.10/site-packages/airflow/decorators/base.py", line 265, in execute
    return_value = super().execute(context)
  File "/home/airflow/.local/lib/python3.10/site-packages/airflow/models/baseoperator.py", line 401, in wrapper
    return func(self, *args, **kwargs)
  File "/home/airflow/.local/lib/python3.10/site-packages/airflow/operators/python.py", line 235, in execute
    return_value = self.execute_callable()
  File "/home/airflow/.local/lib/python3.10/site-packages/airflow/operators/python.py", line 252, in execute_callable
    return self.python_callable(*self.op_args, **self.op_kwargs)
  File "/opt/airflow/dags/datawarehouse/dwh.py", line 49, in staging_table
    raise e
  File "/opt/airflow/dags/datawarehouse/dwh.py", line 25, in staging_table
    table_ids = get_video_ids(cur,schema)
  File "/opt/airflow/dags/datawarehouse/data_utils.py", line 57, in get_video_ids
    video_ids = [row["Video_Id"] for row in cur.fetchall()]
  File "/opt/airflow/dags/datawarehouse/data_utils.py", line 57, in <listcomp>
    video_ids = [row["Video_Id"] for row in cur.fetchall()]
KeyError: 'Video_Id'
[2026-03-22T18:35:24.747+0000] {taskinstance.py:1206} INFO - Marking task as FAILED. dag_id=update_db, task_id=staging_table, run_id=manual__2026-03-22T18:35:23.681109+00:00, execution_date=20260322T183523, start_date=20260322T183524, end_date=20260322T183524
[2026-03-22T18:35:24.751+0000] {standard_task_runner.py:110} ERROR - Failed to execute job 30 for task staging_table ('Video_Id'; 1011)
[2026-03-22T18:35:24.794+0000] {local_task_job_runner.py:240} INFO - Task exited with return code 1
[2026-03-22T18:35:24.809+0000] {taskinstance.py:3503} INFO - 0 downstream tasks scheduled from follow-on schedule check
[2026-03-22T18:35:24.811+0000] {local_task_job_runner.py:222} INFO - ::endgroup::
