[2026-03-22T19:42:12.429+0000] {local_task_job_runner.py:120} INFO - ::group::Pre task execution logs
[2026-03-22T19:42:12.451+0000] {taskinstance.py:2076} INFO - Dependencies all met for dep_context=non-requeueable deps ti=<TaskInstance: update_db.core_table manual__2026-03-22T19:42:10.646998+00:00 [queued]>
[2026-03-22T19:42:12.458+0000] {taskinstance.py:2076} INFO - Dependencies all met for dep_context=requeueable deps ti=<TaskInstance: update_db.core_table manual__2026-03-22T19:42:10.646998+00:00 [queued]>
[2026-03-22T19:42:12.458+0000] {taskinstance.py:2306} INFO - Starting attempt 1 of 1
[2026-03-22T19:42:12.467+0000] {taskinstance.py:2330} INFO - Executing <Task(_PythonDecoratedOperator): core_table> on 2026-03-22 19:42:10.646998+00:00
[2026-03-22T19:42:12.471+0000] {standard_task_runner.py:63} INFO - Started process 796 to run task
[2026-03-22T19:42:12.474+0000] {standard_task_runner.py:90} INFO - Running: ['airflow', 'tasks', 'run', 'update_db', 'core_table', 'manual__2026-03-22T19:42:10.646998+00:00', '--job-id', '44', '--raw', '--subdir', 'DAGS_FOLDER/api/main.py', '--cfg-path', '/tmp/tmprbskcyw4']
[2026-03-22T19:42:12.474+0000] {standard_task_runner.py:91} INFO - Job 44: Subtask core_table
[2026-03-22T19:42:12.506+0000] {task_command.py:426} INFO - Running <TaskInstance: update_db.core_table manual__2026-03-22T19:42:10.646998+00:00 [running]> on host 0f6d464e48ad
[2026-03-22T19:42:12.553+0000] {taskinstance.py:2648} INFO - Exporting env vars: AIRFLOW_CTX_DAG_EMAIL='tanguturi.kranthi1008@gmail.com' AIRFLOW_CTX_DAG_OWNER='airflow' AIRFLOW_CTX_DAG_ID='update_db' AIRFLOW_CTX_TASK_ID='core_table' AIRFLOW_CTX_EXECUTION_DATE='2026-03-22T19:42:10.646998+00:00' AIRFLOW_CTX_TRY_NUMBER='1' AIRFLOW_CTX_DAG_RUN_ID='manual__2026-03-22T19:42:10.646998+00:00'
[2026-03-22T19:42:12.554+0000] {taskinstance.py:430} INFO - ::endgroup::
[2026-03-22T19:42:12.558+0000] {base.py:84} INFO - Using connection ID 'postgres_db_yt_elt' for task execution.
[2026-03-22T19:42:12.562+0000] {base.py:84} INFO - Using connection ID 'postgres_db_yt_elt' for task execution.
[2026-03-22T19:42:12.565+0000] {base.py:84} INFO - Using connection ID 'postgres_db_yt_elt' for task execution.
[2026-03-22T19:42:12.570+0000] {dwh.py:100} ERROR - An error occurred while updating core table: name 'datetime' is not defined
[2026-03-22T19:42:12.570+0000] {taskinstance.py:441} INFO - ::group::Post task execution logs
[2026-03-22T19:42:12.570+0000] {taskinstance.py:2905} ERROR - Task failed with exception
Traceback (most recent call last):
  File "/home/airflow/.local/lib/python3.10/site-packages/airflow/models/taskinstance.py", line 465, in _execute_task
    result = _execute_callable(context=context, **execute_callable_kwargs)
  File "/home/airflow/.local/lib/python3.10/site-packages/airflow/models/taskinstance.py", line 432, in _execute_callable
    return execute_callable(context=context, **execute_callable_kwargs)
  File "/home/airflow/.local/lib/python3.10/site-packages/airflow/models/baseoperator.py", line 401, in wrapper
    return func(self, *args, **kwargs)
  File "/home/airflow/.local/lib/python3.10/site-packages/airflow/decorators/base.py", line 265, in execute
    return_value = super().execute(context)
  File "/home/airflow/.local/lib/python3.10/site-packages/airflow/models/baseoperator.py", line 401, in wrapper
    return func(self, *args, **kwargs)
  File "/home/airflow/.local/lib/python3.10/site-packages/airflow/operators/python.py", line 235, in execute
    return_value = self.execute_callable()
  File "/home/airflow/.local/lib/python3.10/site-packages/airflow/operators/python.py", line 252, in execute_callable
    return self.python_callable(*self.op_args, **self.op_kwargs)
  File "/opt/airflow/dags/datawarehouse/dwh.py", line 101, in core_table
    raise e
  File "/opt/airflow/dags/datawarehouse/dwh.py", line 80, in core_table
    transformed_row = tranform_data(row)
  File "/opt/airflow/dags/datawarehouse/data_transformation.py", line 21, in tranform_data
    row['Duration'] = (datetime.min + duration_td).time()
NameError: name 'datetime' is not defined
[2026-03-22T19:42:12.579+0000] {taskinstance.py:1206} INFO - Marking task as FAILED. dag_id=update_db, task_id=core_table, run_id=manual__2026-03-22T19:42:10.646998+00:00, execution_date=20260322T194210, start_date=20260322T194212, end_date=20260322T194212
[2026-03-22T19:42:12.584+0000] {standard_task_runner.py:110} ERROR - Failed to execute job 44 for task core_table (name 'datetime' is not defined; 796)
[2026-03-22T19:42:12.614+0000] {local_task_job_runner.py:240} INFO - Task exited with return code 1
[2026-03-22T19:42:12.624+0000] {taskinstance.py:3503} INFO - 0 downstream tasks scheduled from follow-on schedule check
[2026-03-22T19:42:12.625+0000] {local_task_job_runner.py:222} INFO - ::endgroup::
