[2026-05-01T08:13:30.450+0000] {local_task_job_runner.py:120} INFO - ::group::Pre task execution logs
[2026-05-01T08:13:30.461+0000] {taskinstance.py:2076} INFO - Dependencies all met for dep_context=non-requeueable deps ti=<TaskInstance: data_quality.soda_check_staging manual__2026-05-01T08:13:29.473435+00:00 [queued]>
[2026-05-01T08:13:30.465+0000] {taskinstance.py:2076} INFO - Dependencies all met for dep_context=requeueable deps ti=<TaskInstance: data_quality.soda_check_staging manual__2026-05-01T08:13:29.473435+00:00 [queued]>
[2026-05-01T08:13:30.466+0000] {taskinstance.py:2306} INFO - Starting attempt 1 of 1
[2026-05-01T08:13:30.471+0000] {taskinstance.py:2330} INFO - Executing <Task(BashOperator): soda_check_staging> on 2026-05-01 08:13:29.473435+00:00
[2026-05-01T08:13:30.474+0000] {standard_task_runner.py:63} INFO - Started process 543 to run task
[2026-05-01T08:13:30.476+0000] {standard_task_runner.py:90} INFO - Running: ['airflow', 'tasks', 'run', 'data_quality', 'soda_check_staging', 'manual__2026-05-01T08:13:29.473435+00:00', '--job-id', '107', '--raw', '--subdir', 'DAGS_FOLDER/api/main.py', '--cfg-path', '/tmp/tmpevzxrg_i']
[2026-05-01T08:13:30.477+0000] {standard_task_runner.py:91} INFO - Job 107: Subtask soda_check_staging
[2026-05-01T08:13:30.502+0000] {task_command.py:426} INFO - Running <TaskInstance: data_quality.soda_check_staging manual__2026-05-01T08:13:29.473435+00:00 [running]> on host b1e4dc749817
[2026-05-01T08:13:30.544+0000] {taskinstance.py:2648} INFO - Exporting env vars: AIRFLOW_CTX_DAG_EMAIL='tanguturi.kranthi1008@gmail.com' AIRFLOW_CTX_DAG_OWNER='airflow' AIRFLOW_CTX_DAG_ID='data_quality' AIRFLOW_CTX_TASK_ID='soda_check_staging' AIRFLOW_CTX_EXECUTION_DATE='2026-05-01T08:13:29.473435+00:00' AIRFLOW_CTX_TRY_NUMBER='1' AIRFLOW_CTX_DAG_RUN_ID='manual__2026-05-01T08:13:29.473435+00:00'
[2026-05-01T08:13:30.544+0000] {taskinstance.py:430} INFO - ::endgroup::
[2026-05-01T08:13:30.546+0000] {subprocess.py:63} INFO - Tmp dir root location: /tmp
[2026-05-01T08:13:30.547+0000] {subprocess.py:75} INFO - Running command: ['/usr/bin/bash', '-c', 'soda scan -d pg_datasource -c /opt/airflow/include/soda/configuration.yaml -v SCHEMA=staging /opt/airflow/include/soda/checks.yaml']
[2026-05-01T08:13:30.555+0000] {subprocess.py:86} INFO - Output:
[2026-05-01T08:13:31.581+0000] {subprocess.py:93} INFO - [08:13:31] Soda Core 3.3.14
[2026-05-01T08:13:31.689+0000] {subprocess.py:93} INFO - [08:13:31] Scan summary:
[2026-05-01T08:13:31.690+0000] {subprocess.py:93} INFO - [08:13:31] 4/4 checks PASSED:
[2026-05-01T08:13:31.690+0000] {subprocess.py:93} INFO - [08:13:31]     yt_api in pg_datasource
[2026-05-01T08:13:31.690+0000] {subprocess.py:93} INFO - [08:13:31]       Check for Likes_Count greater than Video_Views [PASSED]
[2026-05-01T08:13:31.690+0000] {subprocess.py:93} INFO - [08:13:31]       Check for Comments_Count greater than Video_Views [PASSED]
[2026-05-01T08:13:31.690+0000] {subprocess.py:93} INFO - [08:13:31]       missing_count("Video_Id") = 0 [PASSED]
[2026-05-01T08:13:31.690+0000] {subprocess.py:93} INFO - [08:13:31]       duplicate_count("Video_Id") = 0 [PASSED]
[2026-05-01T08:13:31.691+0000] {subprocess.py:93} INFO - [08:13:31] All is good. No failures. No warnings. No errors.
[2026-05-01T08:13:32.460+0000] {subprocess.py:97} INFO - Command exited with return code 0
[2026-05-01T08:13:32.462+0000] {taskinstance.py:441} INFO - ::group::Post task execution logs
[2026-05-01T08:13:32.502+0000] {taskinstance.py:1206} INFO - Marking task as SUCCESS. dag_id=data_quality, task_id=soda_check_staging, run_id=manual__2026-05-01T08:13:29.473435+00:00, execution_date=20260501T081329, start_date=20260501T081330, end_date=20260501T081332
[2026-05-01T08:13:32.526+0000] {local_task_job_runner.py:240} INFO - Task exited with return code 0
[2026-05-01T08:13:32.563+0000] {taskinstance.py:3503} INFO - 1 downstream tasks scheduled from follow-on schedule check
[2026-05-01T08:13:32.564+0000] {local_task_job_runner.py:222} INFO - ::endgroup::
