[2026-03-22T19:39:52.623+0000] {local_task_job_runner.py:120} INFO - ::group::Pre task execution logs
[2026-03-22T19:39:52.641+0000] {taskinstance.py:2076} INFO - Dependencies all met for dep_context=non-requeueable deps ti=<TaskInstance: update_db.core_table manual__2026-03-22T19:39:49.502045+00:00 [queued]>
[2026-03-22T19:39:52.647+0000] {taskinstance.py:2076} INFO - Dependencies all met for dep_context=requeueable deps ti=<TaskInstance: update_db.core_table manual__2026-03-22T19:39:49.502045+00:00 [queued]>
[2026-03-22T19:39:52.648+0000] {taskinstance.py:2306} INFO - Starting attempt 1 of 1
[2026-03-22T19:39:52.656+0000] {taskinstance.py:2330} INFO - Executing <Task(_PythonDecoratedOperator): core_table> on 2026-03-22 19:39:49.502045+00:00
[2026-03-22T19:39:52.659+0000] {standard_task_runner.py:63} INFO - Started process 764 to run task
[2026-03-22T19:39:52.662+0000] {standard_task_runner.py:90} INFO - Running: ['airflow', 'tasks', 'run', 'update_db', 'core_table', 'manual__2026-03-22T19:39:49.502045+00:00', '--job-id', '42', '--raw', '--subdir', 'DAGS_FOLDER/api/main.py', '--cfg-path', '/tmp/tmp7s86nb5u']
[2026-03-22T19:39:52.663+0000] {standard_task_runner.py:91} INFO - Job 42: Subtask core_table
[2026-03-22T19:39:52.701+0000] {task_command.py:426} INFO - Running <TaskInstance: update_db.core_table manual__2026-03-22T19:39:49.502045+00:00 [running]> on host 0f6d464e48ad
[2026-03-22T19:39:52.752+0000] {taskinstance.py:2648} INFO - Exporting env vars: AIRFLOW_CTX_DAG_EMAIL='tanguturi.kranthi1008@gmail.com' AIRFLOW_CTX_DAG_OWNER='airflow' AIRFLOW_CTX_DAG_ID='update_db' AIRFLOW_CTX_TASK_ID='core_table' AIRFLOW_CTX_EXECUTION_DATE='2026-03-22T19:39:49.502045+00:00' AIRFLOW_CTX_TRY_NUMBER='1' AIRFLOW_CTX_DAG_RUN_ID='manual__2026-03-22T19:39:49.502045+00:00'
[2026-03-22T19:39:52.753+0000] {taskinstance.py:430} INFO - ::endgroup::
[2026-03-22T19:39:52.759+0000] {base.py:84} INFO - Using connection ID 'postgres_db_yt_elt' for task execution.
[2026-03-22T19:39:52.763+0000] {base.py:84} INFO - Using connection ID 'postgres_db_yt_elt' for task execution.
[2026-03-22T19:39:52.765+0000] {base.py:84} INFO - Using connection ID 'postgres_db_yt_elt' for task execution.
[2026-03-22T19:39:52.773+0000] {dwh.py:100} ERROR - An error occurred while updating core table: 'list' object has no attribute 'add'
[2026-03-22T19:39:52.773+0000] {taskinstance.py:441} INFO - ::group::Post task execution logs
[2026-03-22T19:39:52.774+0000] {taskinstance.py:2905} ERROR - Task failed with exception
Traceback (most recent call last):
  File "/home/airflow/.local/lib/python3.10/site-packages/airflow/models/taskinstance.py", line 465, in _execute_task
    result = _execute_callable(context=context, **execute_callable_kwargs)
  File "/home/airflow/.local/lib/python3.10/site-packages/airflow/models/taskinstance.py", line 432, in _execute_callable
    return execute_callable(context=context, **execute_callable_kwargs)
  File "/home/airflow/.local/lib/python3.10/site-packages/airflow/models/baseoperator.py", line 401, in wrapper
    return func(self, *args, **kwargs)
  File "/home/airflow/.local/lib/python3.10/site-packages/airflow/decorators/base.py", line 265, in execute
    return_value = super().execute(context)
  File "/home/airflow/.local/lib/python3.10/site-packages/airflow/models/baseoperator.py", line 401, in wrapper
    return func(self, *args, **kwargs)
  File "/home/airflow/.local/lib/python3.10/site-packages/airflow/operators/python.py", line 235, in execute
    return_value = self.execute_callable()
  File "/home/airflow/.local/lib/python3.10/site-packages/airflow/operators/python.py", line 252, in execute_callable
    return self.python_callable(*self.op_args, **self.op_kwargs)
  File "/opt/airflow/dags/datawarehouse/dwh.py", line 101, in core_table
    raise e
  File "/opt/airflow/dags/datawarehouse/dwh.py", line 76, in core_table
    cur_video_ids.add(row['View_ID'])
AttributeError: 'list' object has no attribute 'add'
[2026-03-22T19:39:52.782+0000] {taskinstance.py:1206} INFO - Marking task as FAILED. dag_id=update_db, task_id=core_table, run_id=manual__2026-03-22T19:39:49.502045+00:00, execution_date=20260322T193949, start_date=20260322T193952, end_date=20260322T193952
[2026-03-22T19:39:52.789+0000] {standard_task_runner.py:110} ERROR - Failed to execute job 42 for task core_table ('list' object has no attribute 'add'; 764)
[2026-03-22T19:39:52.800+0000] {local_task_job_runner.py:240} INFO - Task exited with return code 1
[2026-03-22T19:39:52.809+0000] {taskinstance.py:3503} INFO - 0 downstream tasks scheduled from follow-on schedule check
[2026-03-22T19:39:52.810+0000] {local_task_job_runner.py:222} INFO - ::endgroup::
