[2026-03-22T19:49:19.992+0000] {local_task_job_runner.py:120} INFO - ::group::Pre task execution logs
[2026-03-22T19:49:20.003+0000] {taskinstance.py:2076} INFO - Dependencies all met for dep_context=non-requeueable deps ti=<TaskInstance: update_db.core_table manual__2026-03-22T19:49:17.588644+00:00 [queued]>
[2026-03-22T19:49:20.006+0000] {taskinstance.py:2076} INFO - Dependencies all met for dep_context=requeueable deps ti=<TaskInstance: update_db.core_table manual__2026-03-22T19:49:17.588644+00:00 [queued]>
[2026-03-22T19:49:20.007+0000] {taskinstance.py:2306} INFO - Starting attempt 1 of 1
[2026-03-22T19:49:20.012+0000] {taskinstance.py:2330} INFO - Executing <Task(_PythonDecoratedOperator): core_table> on 2026-03-22 19:49:17.588644+00:00
[2026-03-22T19:49:20.014+0000] {standard_task_runner.py:63} INFO - Started process 904 to run task
[2026-03-22T19:49:20.016+0000] {standard_task_runner.py:90} INFO - Running: ['airflow', 'tasks', 'run', 'update_db', 'core_table', 'manual__2026-03-22T19:49:17.588644+00:00', '--job-id', '48', '--raw', '--subdir', 'DAGS_FOLDER/api/main.py', '--cfg-path', '/tmp/tmpnj2np_ri']
[2026-03-22T19:49:20.017+0000] {standard_task_runner.py:91} INFO - Job 48: Subtask core_table
[2026-03-22T19:49:20.039+0000] {task_command.py:426} INFO - Running <TaskInstance: update_db.core_table manual__2026-03-22T19:49:17.588644+00:00 [running]> on host 0f6d464e48ad
[2026-03-22T19:49:20.075+0000] {taskinstance.py:2648} INFO - Exporting env vars: AIRFLOW_CTX_DAG_EMAIL='tanguturi.kranthi1008@gmail.com' AIRFLOW_CTX_DAG_OWNER='airflow' AIRFLOW_CTX_DAG_ID='update_db' AIRFLOW_CTX_TASK_ID='core_table' AIRFLOW_CTX_EXECUTION_DATE='2026-03-22T19:49:17.588644+00:00' AIRFLOW_CTX_TRY_NUMBER='1' AIRFLOW_CTX_DAG_RUN_ID='manual__2026-03-22T19:49:17.588644+00:00'
[2026-03-22T19:49:20.075+0000] {taskinstance.py:430} INFO - ::endgroup::
[2026-03-22T19:49:20.079+0000] {base.py:84} INFO - Using connection ID 'postgres_db_yt_elt' for task execution.
[2026-03-22T19:49:20.081+0000] {base.py:84} INFO - Using connection ID 'postgres_db_yt_elt' for task execution.
[2026-03-22T19:49:20.084+0000] {base.py:84} INFO - Using connection ID 'postgres_db_yt_elt' for task execution.
[2026-03-22T19:49:20.087+0000] {data_modification.py:57} INFO - Updated row with Video_Id : F0OkwXKcPSE
[2026-03-22T19:49:20.088+0000] {data_modification.py:57} INFO - Updated row with Video_Id : BzKaMelDzqo
[2026-03-22T19:49:20.088+0000] {data_modification.py:57} INFO - Updated row with Video_Id : XhuisK0bTSA
[2026-03-22T19:49:20.089+0000] {data_modification.py:57} INFO - Updated row with Video_Id : bvlFjrcpD6s
[2026-03-22T19:49:20.089+0000] {data_modification.py:57} INFO - Updated row with Video_Id : Hwybp38GnZw
[2026-03-22T19:49:20.090+0000] {data_modification.py:57} INFO - Updated row with Video_Id : OAbP-V6fEVc
[2026-03-22T19:49:20.090+0000] {data_modification.py:57} INFO - Updated row with Video_Id : 6wsFjjhZPJI
[2026-03-22T19:49:20.091+0000] {data_modification.py:57} INFO - Updated row with Video_Id : nywT2SenPIo
[2026-03-22T19:49:20.091+0000] {data_modification.py:57} INFO - Updated row with Video_Id : VwWV4JelEzY
[2026-03-22T19:49:20.092+0000] {data_modification.py:57} INFO - Updated row with Video_Id : xWcldHxHFpo
[2026-03-22T19:49:20.092+0000] {data_modification.py:57} INFO - Updated row with Video_Id : VXmKt_1T0QM
[2026-03-22T19:49:20.092+0000] {data_modification.py:57} INFO - Updated row with Video_Id : HIhUkvAG0o4
[2026-03-22T19:49:20.093+0000] {data_modification.py:57} INFO - Updated row with Video_Id : pGYyUssWLTA
[2026-03-22T19:49:20.093+0000] {data_modification.py:57} INFO - Updated row with Video_Id : PRU47AuQF2M
[2026-03-22T19:49:20.093+0000] {data_modification.py:57} INFO - Updated row with Video_Id : 6bxZpS0cm5o
[2026-03-22T19:49:20.094+0000] {data_modification.py:57} INFO - Updated row with Video_Id : X_qd-1xSTFA
[2026-03-22T19:49:20.094+0000] {data_modification.py:57} INFO - Updated row with Video_Id : LMe7k8I082w
[2026-03-22T19:49:20.094+0000] {data_modification.py:57} INFO - Updated row with Video_Id : yyssjJEJMt4
[2026-03-22T19:49:20.094+0000] {data_modification.py:57} INFO - Updated row with Video_Id : M82VAcabSiA
[2026-03-22T19:49:20.095+0000] {data_modification.py:57} INFO - Updated row with Video_Id : 2XVcLrB7B3Y
[2026-03-22T19:49:20.095+0000] {dwh.py:97} INFO - core table updated successfully
[2026-03-22T19:49:20.095+0000] {python.py:237} INFO - Done. Returned value was: None
[2026-03-22T19:49:20.096+0000] {taskinstance.py:441} INFO - ::group::Post task execution logs
[2026-03-22T19:49:20.100+0000] {taskinstance.py:1206} INFO - Marking task as SUCCESS. dag_id=update_db, task_id=core_table, run_id=manual__2026-03-22T19:49:17.588644+00:00, execution_date=20260322T194917, start_date=20260322T194920, end_date=20260322T194920
[2026-03-22T19:49:20.114+0000] {local_task_job_runner.py:240} INFO - Task exited with return code 0
[2026-03-22T19:49:20.124+0000] {taskinstance.py:3503} INFO - 0 downstream tasks scheduled from follow-on schedule check
[2026-03-22T19:49:20.125+0000] {local_task_job_runner.py:222} INFO - ::endgroup::
