[2026-05-01T08:13:28.138+0000] {local_task_job_runner.py:120} INFO - ::group::Pre task execution logs
[2026-05-01T08:13:28.150+0000] {taskinstance.py:2076} INFO - Dependencies all met for dep_context=non-requeueable deps ti=<TaskInstance: update_db.core_table manual__2026-05-01T08:13:26.471245+00:00 [queued]>
[2026-05-01T08:13:28.155+0000] {taskinstance.py:2076} INFO - Dependencies all met for dep_context=requeueable deps ti=<TaskInstance: update_db.core_table manual__2026-05-01T08:13:26.471245+00:00 [queued]>
[2026-05-01T08:13:28.156+0000] {taskinstance.py:2306} INFO - Starting attempt 1 of 1
[2026-05-01T08:13:28.161+0000] {taskinstance.py:2330} INFO - Executing <Task(_PythonDecoratedOperator): core_table> on 2026-05-01 08:13:26.471245+00:00
[2026-05-01T08:13:28.164+0000] {standard_task_runner.py:63} INFO - Started process 539 to run task
[2026-05-01T08:13:28.166+0000] {standard_task_runner.py:90} INFO - Running: ['airflow', 'tasks', 'run', 'update_db', 'core_table', 'manual__2026-05-01T08:13:26.471245+00:00', '--job-id', '105', '--raw', '--subdir', 'DAGS_FOLDER/api/main.py', '--cfg-path', '/tmp/tmpgn4ulb_0']
[2026-05-01T08:13:28.167+0000] {standard_task_runner.py:91} INFO - Job 105: Subtask core_table
[2026-05-01T08:13:28.191+0000] {task_command.py:426} INFO - Running <TaskInstance: update_db.core_table manual__2026-05-01T08:13:26.471245+00:00 [running]> on host b1e4dc749817
[2026-05-01T08:13:28.232+0000] {taskinstance.py:2648} INFO - Exporting env vars: AIRFLOW_CTX_DAG_EMAIL='tanguturi.kranthi1008@gmail.com' AIRFLOW_CTX_DAG_OWNER='airflow' AIRFLOW_CTX_DAG_ID='update_db' AIRFLOW_CTX_TASK_ID='core_table' AIRFLOW_CTX_EXECUTION_DATE='2026-05-01T08:13:26.471245+00:00' AIRFLOW_CTX_TRY_NUMBER='1' AIRFLOW_CTX_DAG_RUN_ID='manual__2026-05-01T08:13:26.471245+00:00'
[2026-05-01T08:13:28.233+0000] {taskinstance.py:430} INFO - ::endgroup::
[2026-05-01T08:13:28.239+0000] {base.py:84} INFO - Using connection ID 'postgres_db_yt_elt' for task execution.
[2026-05-01T08:13:28.242+0000] {base.py:84} INFO - Using connection ID 'postgres_db_yt_elt' for task execution.
[2026-05-01T08:13:28.246+0000] {base.py:84} INFO - Using connection ID 'postgres_db_yt_elt' for task execution.
[2026-05-01T08:13:28.255+0000] {data_modification.py:22} INFO - Inserted row with Video_Id : KCRLP-zBacU
[2026-05-01T08:13:28.255+0000] {data_modification.py:22} INFO - Inserted row with Video_Id : bn0Kh9c4Zv4
[2026-05-01T08:13:28.256+0000] {data_modification.py:22} INFO - Inserted row with Video_Id : ZVt9ZJfWV1c
[2026-05-01T08:13:28.256+0000] {data_modification.py:22} INFO - Inserted row with Video_Id : TJ2ifmkGGus
[2026-05-01T08:13:28.257+0000] {data_modification.py:22} INFO - Inserted row with Video_Id : GLoeAJUcz38
[2026-05-01T08:13:28.257+0000] {data_modification.py:22} INFO - Inserted row with Video_Id : anFxsa5jXrE
[2026-05-01T08:13:28.257+0000] {data_modification.py:22} INFO - Inserted row with Video_Id : L8nh1wuXTbI
[2026-05-01T08:13:28.258+0000] {data_modification.py:22} INFO - Inserted row with Video_Id : t4OumncEiKo
[2026-05-01T08:13:28.258+0000] {data_modification.py:22} INFO - Inserted row with Video_Id : KcsRxHwGz7A
[2026-05-01T08:13:28.258+0000] {data_modification.py:22} INFO - Inserted row with Video_Id : SaDDjW9Rw-M
[2026-05-01T08:13:28.259+0000] {data_modification.py:22} INFO - Inserted row with Video_Id : Ah_uuTwGOYU
[2026-05-01T08:13:28.259+0000] {data_modification.py:22} INFO - Inserted row with Video_Id : 64WGWubQO3I
[2026-05-01T08:13:28.260+0000] {data_modification.py:22} INFO - Inserted row with Video_Id : Ng_qwlvhrJo
[2026-05-01T08:13:28.260+0000] {data_modification.py:22} INFO - Inserted row with Video_Id : oODUkNQAzXU
[2026-05-01T08:13:28.260+0000] {data_modification.py:22} INFO - Inserted row with Video_Id : -mlok5iT3GE
[2026-05-01T08:13:28.260+0000] {data_modification.py:22} INFO - Inserted row with Video_Id : JlUzoQN9FWw
[2026-05-01T08:13:28.261+0000] {data_modification.py:22} INFO - Inserted row with Video_Id : BqS4iVHa-LU
[2026-05-01T08:13:28.261+0000] {data_modification.py:22} INFO - Inserted row with Video_Id : ruSVy-u2DzM
[2026-05-01T08:13:28.261+0000] {data_modification.py:22} INFO - Inserted row with Video_Id : 7Yi-ctyTNU4
[2026-05-01T08:13:28.262+0000] {data_modification.py:57} INFO - Updated row with Video_Id : 2XVcLrB7B3Y
[2026-05-01T08:13:28.263+0000] {data_modification.py:76} INFO - Deleted rows with Video_Ids : ('XhuisK0bTSA','pGYyUssWLTA','bvlFjrcpD6s','VXmKt_1T0QM','yyssjJEJMt4','xWcldHxHFpo','BzKaMelDzqo','VwWV4JelEzY','HIhUkvAG0o4','Hwybp38GnZw','6bxZpS0cm5o','nywT2SenPIo','X_qd-1xSTFA','PRU47AuQF2M','6wsFjjhZPJI','F0OkwXKcPSE','OAbP-V6fEVc','M82VAcabSiA','LMe7k8I082w')
[2026-05-01T08:13:28.263+0000] {dwh.py:97} INFO - core table updated successfully
[2026-05-01T08:13:28.263+0000] {python.py:237} INFO - Done. Returned value was: None
[2026-05-01T08:13:28.263+0000] {taskinstance.py:441} INFO - ::group::Post task execution logs
[2026-05-01T08:13:28.268+0000] {taskinstance.py:1206} INFO - Marking task as SUCCESS. dag_id=update_db, task_id=core_table, run_id=manual__2026-05-01T08:13:26.471245+00:00, execution_date=20260501T081326, start_date=20260501T081328, end_date=20260501T081328
[2026-05-01T08:13:28.304+0000] {local_task_job_runner.py:240} INFO - Task exited with return code 0
[2026-05-01T08:13:28.318+0000] {taskinstance.py:3503} INFO - 1 downstream tasks scheduled from follow-on schedule check
[2026-05-01T08:13:28.319+0000] {local_task_job_runner.py:222} INFO - ::endgroup::
