[2026-03-26T10:25:10.490+0000] {local_task_job_runner.py:120} INFO - ::group::Pre task execution logs
[2026-03-26T10:25:10.508+0000] {taskinstance.py:2076} INFO - Dependencies all met for dep_context=non-requeueable deps ti=<TaskInstance: data_quality.yt_elt_data_quality manual__2026-03-26T10:25:09.320675+00:00 [queued]>
[2026-03-26T10:25:10.516+0000] {taskinstance.py:2076} INFO - Dependencies all met for dep_context=requeueable deps ti=<TaskInstance: data_quality.yt_elt_data_quality manual__2026-03-26T10:25:09.320675+00:00 [queued]>
[2026-03-26T10:25:10.516+0000] {taskinstance.py:2306} INFO - Starting attempt 1 of 1
[2026-03-26T10:25:10.523+0000] {taskinstance.py:2330} INFO - Executing <Task(_PythonDecoratedOperator): yt_elt_data_quality> on 2026-03-26 10:25:09.320675+00:00
[2026-03-26T10:25:10.526+0000] {standard_task_runner.py:63} INFO - Started process 1933 to run task
[2026-03-26T10:25:10.529+0000] {standard_task_runner.py:90} INFO - Running: ['airflow', 'tasks', 'run', 'data_quality', 'yt_elt_data_quality', 'manual__2026-03-26T10:25:09.320675+00:00', '--job-id', '64', '--raw', '--subdir', 'DAGS_FOLDER/api/main.py', '--cfg-path', '/tmp/tmpo32ysrjz']
[2026-03-26T10:25:10.529+0000] {standard_task_runner.py:91} INFO - Job 64: Subtask yt_elt_data_quality
[2026-03-26T10:25:10.562+0000] {task_command.py:426} INFO - Running <TaskInstance: data_quality.yt_elt_data_quality manual__2026-03-26T10:25:09.320675+00:00 [running]> on host c2229bc9173c
[2026-03-26T10:25:10.607+0000] {taskinstance.py:2648} INFO - Exporting env vars: AIRFLOW_CTX_DAG_EMAIL='tanguturi.kranthi1008@gmail.com' AIRFLOW_CTX_DAG_OWNER='airflow' AIRFLOW_CTX_DAG_ID='data_quality' AIRFLOW_CTX_TASK_ID='yt_elt_data_quality' AIRFLOW_CTX_EXECUTION_DATE='2026-03-26T10:25:09.320675+00:00' AIRFLOW_CTX_TRY_NUMBER='1' AIRFLOW_CTX_DAG_RUN_ID='manual__2026-03-26T10:25:09.320675+00:00'
[2026-03-26T10:25:10.607+0000] {taskinstance.py:430} INFO - ::endgroup::
[2026-03-26T10:25:10.608+0000] {python.py:237} INFO - Done. Returned value was: <Task(BashOperator): soda_check_staging>
[2026-03-26T10:25:10.609+0000] {taskinstance.py:441} INFO - ::group::Post task execution logs
[2026-03-26T10:25:10.612+0000] {xcom.py:675} ERROR - Object of type BashOperator is not JSON serializable. If you are using pickle instead of JSON for XCom, then you need to enable pickle support for XCom in your airflow config or make sure to decorate your object with attr.
[2026-03-26T10:25:10.613+0000] {taskinstance.py:2905} ERROR - Task failed with exception
Traceback (most recent call last):
  File "/home/airflow/.local/lib/python3.10/site-packages/airflow/utils/json.py", line 91, in default
    return serialize(o)
  File "/home/airflow/.local/lib/python3.10/site-packages/airflow/serialization/serde.py", line 189, in serialize
    raise TypeError(f"cannot serialize object of type {cls}")
TypeError: cannot serialize object of type <class 'airflow.operators.bash.BashOperator'>

During handling of the above exception, another exception occurred:

Traceback (most recent call last):
  File "/home/airflow/.local/lib/python3.10/site-packages/airflow/models/taskinstance.py", line 486, in _execute_task
    task_instance.xcom_push(key=XCOM_RETURN_KEY, value=xcom_value, session=session)
  File "/home/airflow/.local/lib/python3.10/site-packages/airflow/utils/session.py", line 76, in wrapper
    return func(*args, **kwargs)
  File "/home/airflow/.local/lib/python3.10/site-packages/airflow/models/taskinstance.py", line 3197, in xcom_push
    XCom.set(
  File "/home/airflow/.local/lib/python3.10/site-packages/airflow/utils/session.py", line 76, in wrapper
    return func(*args, **kwargs)
  File "/home/airflow/.local/lib/python3.10/site-packages/airflow/models/xcom.py", line 246, in set
    value = cls.serialize_value(
  File "/home/airflow/.local/lib/python3.10/site-packages/airflow/models/xcom.py", line 673, in serialize_value
    return json.dumps(value, cls=XComEncoder).encode("UTF-8")
  File "/usr/local/lib/python3.10/json/__init__.py", line 238, in dumps
    **kw).encode(obj)
  File "/home/airflow/.local/lib/python3.10/site-packages/airflow/utils/json.py", line 104, in encode
    return super().encode(o)
  File "/usr/local/lib/python3.10/json/encoder.py", line 199, in encode
    chunks = self.iterencode(o, _one_shot=True)
  File "/usr/local/lib/python3.10/json/encoder.py", line 257, in iterencode
    return _iterencode(o, 0)
  File "/home/airflow/.local/lib/python3.10/site-packages/airflow/utils/json.py", line 93, in default
    return super().default(o)
  File "/usr/local/lib/python3.10/json/encoder.py", line 179, in default
    raise TypeError(f'Object of type {o.__class__.__name__} '
TypeError: Object of type BashOperator is not JSON serializable
[2026-03-26T10:25:10.618+0000] {taskinstance.py:1206} INFO - Marking task as FAILED. dag_id=data_quality, task_id=yt_elt_data_quality, run_id=manual__2026-03-26T10:25:09.320675+00:00, execution_date=20260326T102509, start_date=20260326T102510, end_date=20260326T102510
[2026-03-26T10:25:10.623+0000] {standard_task_runner.py:110} ERROR - Failed to execute job 64 for task yt_elt_data_quality (Object of type BashOperator is not JSON serializable; 1933)
[2026-03-26T10:25:10.626+0000] {local_task_job_runner.py:240} INFO - Task exited with return code 1
[2026-03-26T10:25:10.639+0000] {taskinstance.py:3503} INFO - 0 downstream tasks scheduled from follow-on schedule check
[2026-03-26T10:25:10.641+0000] {local_task_job_runner.py:222} INFO - ::endgroup::
