[2026-03-26T10:38:34.110+0000] {local_task_job_runner.py:120} INFO - ::group::Pre task execution logs
[2026-03-26T10:38:34.126+0000] {taskinstance.py:2076} INFO - Dependencies all met for dep_context=non-requeueable deps ti=<TaskInstance: data_quality.soda_check_staging manual__2026-03-26T10:38:33.317641+00:00 [queued]>
[2026-03-26T10:38:34.130+0000] {taskinstance.py:2076} INFO - Dependencies all met for dep_context=requeueable deps ti=<TaskInstance: data_quality.soda_check_staging manual__2026-03-26T10:38:33.317641+00:00 [queued]>
[2026-03-26T10:38:34.131+0000] {taskinstance.py:2306} INFO - Starting attempt 1 of 1
[2026-03-26T10:38:34.137+0000] {taskinstance.py:2330} INFO - Executing <Task(BashOperator): soda_check_staging> on 2026-03-26 10:38:33.317641+00:00
[2026-03-26T10:38:34.140+0000] {standard_task_runner.py:63} INFO - Started process 2131 to run task
[2026-03-26T10:38:34.143+0000] {standard_task_runner.py:90} INFO - Running: ['airflow', 'tasks', 'run', 'data_quality', 'soda_check_staging', 'manual__2026-03-26T10:38:33.317641+00:00', '--job-id', '67', '--raw', '--subdir', 'DAGS_FOLDER/api/main.py', '--cfg-path', '/tmp/tmp8vfizyij']
[2026-03-26T10:38:34.144+0000] {standard_task_runner.py:91} INFO - Job 67: Subtask soda_check_staging
[2026-03-26T10:38:34.170+0000] {task_command.py:426} INFO - Running <TaskInstance: data_quality.soda_check_staging manual__2026-03-26T10:38:33.317641+00:00 [running]> on host c2229bc9173c
[2026-03-26T10:38:34.212+0000] {taskinstance.py:2648} INFO - Exporting env vars: AIRFLOW_CTX_DAG_EMAIL='tanguturi.kranthi1008@gmail.com' AIRFLOW_CTX_DAG_OWNER='airflow' AIRFLOW_CTX_DAG_ID='data_quality' AIRFLOW_CTX_TASK_ID='soda_check_staging' AIRFLOW_CTX_EXECUTION_DATE='2026-03-26T10:38:33.317641+00:00' AIRFLOW_CTX_TRY_NUMBER='1' AIRFLOW_CTX_DAG_RUN_ID='manual__2026-03-26T10:38:33.317641+00:00'
[2026-03-26T10:38:34.213+0000] {taskinstance.py:430} INFO - ::endgroup::
[2026-03-26T10:38:34.213+0000] {subprocess.py:63} INFO - Tmp dir root location: /tmp
[2026-03-26T10:38:34.214+0000] {subprocess.py:75} INFO - Running command: ['/usr/bin/bash', '-c', 'soda scan -d pg_datasource -c /opt/airflow/include/soda/configuration.yaml -v SCHEMA=staging /opt/airflow/include/soda/checks.yaml']
[2026-03-26T10:38:34.219+0000] {subprocess.py:86} INFO - Output:
[2026-03-26T10:38:34.827+0000] {subprocess.py:93} INFO - [10:38:34] Soda Core 3.3.14
[2026-03-26T10:38:34.878+0000] {subprocess.py:93} INFO - [10:38:34] Scan summary:
[2026-03-26T10:38:34.879+0000] {subprocess.py:93} INFO - [10:38:34] 4/4 checks PASSED:
[2026-03-26T10:38:34.879+0000] {subprocess.py:93} INFO - [10:38:34]     yt_api in pg_datasource
[2026-03-26T10:38:34.879+0000] {subprocess.py:93} INFO - [10:38:34]       Check for Likes_Count greater than Video_Views [PASSED]
[2026-03-26T10:38:34.879+0000] {subprocess.py:93} INFO - [10:38:34]       Check for Comments_Count greater than Video_Views [PASSED]
[2026-03-26T10:38:34.879+0000] {subprocess.py:93} INFO - [10:38:34]       missing_count("Video_Id") = 0 [PASSED]
[2026-03-26T10:38:34.879+0000] {subprocess.py:93} INFO - [10:38:34]       duplicate_count("Video_Id") = 0 [PASSED]
[2026-03-26T10:38:34.879+0000] {subprocess.py:93} INFO - [10:38:34] All is good. No failures. No warnings. No errors.
[2026-03-26T10:38:35.562+0000] {subprocess.py:97} INFO - Command exited with return code 0
[2026-03-26T10:38:35.563+0000] {taskinstance.py:441} INFO - ::group::Post task execution logs
[2026-03-26T10:38:35.579+0000] {taskinstance.py:1206} INFO - Marking task as SUCCESS. dag_id=data_quality, task_id=soda_check_staging, run_id=manual__2026-03-26T10:38:33.317641+00:00, execution_date=20260326T103833, start_date=20260326T103834, end_date=20260326T103835
[2026-03-26T10:38:35.608+0000] {local_task_job_runner.py:240} INFO - Task exited with return code 0
[2026-03-26T10:38:35.621+0000] {taskinstance.py:3503} INFO - 1 downstream tasks scheduled from follow-on schedule check
[2026-03-26T10:38:35.622+0000] {local_task_job_runner.py:222} INFO - ::endgroup::
