[2026-03-26T10:22:14.780+0000] {local_task_job_runner.py:120} INFO - ::group::Pre task execution logs
[2026-03-26T10:22:14.791+0000] {taskinstance.py:2076} INFO - Dependencies all met for dep_context=non-requeueable deps ti=<TaskInstance: update_db.core_table manual__2026-03-26T10:22:12.853765+00:00 [queued]>
[2026-03-26T10:22:14.794+0000] {taskinstance.py:2076} INFO - Dependencies all met for dep_context=requeueable deps ti=<TaskInstance: update_db.core_table manual__2026-03-26T10:22:12.853765+00:00 [queued]>
[2026-03-26T10:22:14.794+0000] {taskinstance.py:2306} INFO - Starting attempt 1 of 1
[2026-03-26T10:22:14.800+0000] {taskinstance.py:2330} INFO - Executing <Task(_PythonDecoratedOperator): core_table> on 2026-03-26 10:22:12.853765+00:00
[2026-03-26T10:22:14.804+0000] {standard_task_runner.py:63} INFO - Started process 1896 to run task
[2026-03-26T10:22:14.807+0000] {standard_task_runner.py:90} INFO - Running: ['airflow', 'tasks', 'run', 'update_db', 'core_table', 'manual__2026-03-26T10:22:12.853765+00:00', '--job-id', '63', '--raw', '--subdir', 'DAGS_FOLDER/api/main.py', '--cfg-path', '/tmp/tmp14rvcgni']
[2026-03-26T10:22:14.807+0000] {standard_task_runner.py:91} INFO - Job 63: Subtask core_table
[2026-03-26T10:22:14.830+0000] {task_command.py:426} INFO - Running <TaskInstance: update_db.core_table manual__2026-03-26T10:22:12.853765+00:00 [running]> on host c2229bc9173c
[2026-03-26T10:22:14.866+0000] {taskinstance.py:2648} INFO - Exporting env vars: AIRFLOW_CTX_DAG_EMAIL='tanguturi.kranthi1008@gmail.com' AIRFLOW_CTX_DAG_OWNER='airflow' AIRFLOW_CTX_DAG_ID='update_db' AIRFLOW_CTX_TASK_ID='core_table' AIRFLOW_CTX_EXECUTION_DATE='2026-03-26T10:22:12.853765+00:00' AIRFLOW_CTX_TRY_NUMBER='1' AIRFLOW_CTX_DAG_RUN_ID='manual__2026-03-26T10:22:12.853765+00:00'
[2026-03-26T10:22:14.867+0000] {taskinstance.py:430} INFO - ::endgroup::
[2026-03-26T10:22:14.871+0000] {base.py:84} INFO - Using connection ID 'postgres_db_yt_elt' for task execution.
[2026-03-26T10:22:14.873+0000] {base.py:84} INFO - Using connection ID 'postgres_db_yt_elt' for task execution.
[2026-03-26T10:22:14.875+0000] {base.py:84} INFO - Using connection ID 'postgres_db_yt_elt' for task execution.
[2026-03-26T10:22:14.879+0000] {data_modification.py:57} INFO - Updated row with Video_Id : LMe7k8I082w
[2026-03-26T10:22:14.879+0000] {data_modification.py:57} INFO - Updated row with Video_Id : yyssjJEJMt4
[2026-03-26T10:22:14.880+0000] {data_modification.py:57} INFO - Updated row with Video_Id : M82VAcabSiA
[2026-03-26T10:22:14.881+0000] {data_modification.py:57} INFO - Updated row with Video_Id : 2XVcLrB7B3Y
[2026-03-26T10:22:14.881+0000] {data_modification.py:57} INFO - Updated row with Video_Id : F0OkwXKcPSE
[2026-03-26T10:22:14.882+0000] {data_modification.py:57} INFO - Updated row with Video_Id : BzKaMelDzqo
[2026-03-26T10:22:14.882+0000] {data_modification.py:57} INFO - Updated row with Video_Id : XhuisK0bTSA
[2026-03-26T10:22:14.882+0000] {data_modification.py:57} INFO - Updated row with Video_Id : bvlFjrcpD6s
[2026-03-26T10:22:14.883+0000] {data_modification.py:57} INFO - Updated row with Video_Id : Hwybp38GnZw
[2026-03-26T10:22:14.883+0000] {data_modification.py:57} INFO - Updated row with Video_Id : OAbP-V6fEVc
[2026-03-26T10:22:14.883+0000] {data_modification.py:57} INFO - Updated row with Video_Id : 6wsFjjhZPJI
[2026-03-26T10:22:14.884+0000] {data_modification.py:57} INFO - Updated row with Video_Id : nywT2SenPIo
[2026-03-26T10:22:14.884+0000] {data_modification.py:57} INFO - Updated row with Video_Id : VwWV4JelEzY
[2026-03-26T10:22:14.884+0000] {data_modification.py:57} INFO - Updated row with Video_Id : xWcldHxHFpo
[2026-03-26T10:22:14.885+0000] {data_modification.py:57} INFO - Updated row with Video_Id : VXmKt_1T0QM
[2026-03-26T10:22:14.885+0000] {data_modification.py:57} INFO - Updated row with Video_Id : HIhUkvAG0o4
[2026-03-26T10:22:14.886+0000] {data_modification.py:57} INFO - Updated row with Video_Id : pGYyUssWLTA
[2026-03-26T10:22:14.886+0000] {data_modification.py:57} INFO - Updated row with Video_Id : PRU47AuQF2M
[2026-03-26T10:22:14.886+0000] {data_modification.py:57} INFO - Updated row with Video_Id : 6bxZpS0cm5o
[2026-03-26T10:22:14.887+0000] {data_modification.py:57} INFO - Updated row with Video_Id : X_qd-1xSTFA
[2026-03-26T10:22:14.887+0000] {dwh.py:97} INFO - core table updated successfully
[2026-03-26T10:22:14.887+0000] {python.py:237} INFO - Done. Returned value was: None
[2026-03-26T10:22:14.887+0000] {taskinstance.py:441} INFO - ::group::Post task execution logs
[2026-03-26T10:22:14.892+0000] {taskinstance.py:1206} INFO - Marking task as SUCCESS. dag_id=update_db, task_id=core_table, run_id=manual__2026-03-26T10:22:12.853765+00:00, execution_date=20260326T102212, start_date=20260326T102214, end_date=20260326T102214
[2026-03-26T10:22:14.903+0000] {local_task_job_runner.py:240} INFO - Task exited with return code 0
[2026-03-26T10:22:14.911+0000] {taskinstance.py:3503} INFO - 0 downstream tasks scheduled from follow-on schedule check
[2026-03-26T10:22:14.912+0000] {local_task_job_runner.py:222} INFO - ::endgroup::
