[2026-03-22T18:25:51.881+0000] {local_task_job_runner.py:120} INFO - ::group::Pre task execution logs
[2026-03-22T18:25:51.909+0000] {taskinstance.py:2076} INFO - Dependencies all met for dep_context=non-requeueable deps ti=<TaskInstance: update_db.staging_table manual__2026-03-22T18:25:51.270214+00:00 [queued]>
[2026-03-22T18:25:51.913+0000] {taskinstance.py:2076} INFO - Dependencies all met for dep_context=requeueable deps ti=<TaskInstance: update_db.staging_table manual__2026-03-22T18:25:51.270214+00:00 [queued]>
[2026-03-22T18:25:51.914+0000] {taskinstance.py:2306} INFO - Starting attempt 1 of 1
[2026-03-22T18:25:51.921+0000] {taskinstance.py:2330} INFO - Executing <Task(_PythonDecoratedOperator): staging_table> on 2026-03-22 18:25:51.270214+00:00
[2026-03-22T18:25:51.924+0000] {standard_task_runner.py:63} INFO - Started process 868 to run task
[2026-03-22T18:25:51.928+0000] {standard_task_runner.py:90} INFO - Running: ['airflow', 'tasks', 'run', 'update_db', 'staging_table', 'manual__2026-03-22T18:25:51.270214+00:00', '--job-id', '25', '--raw', '--subdir', 'DAGS_FOLDER/api/main.py', '--cfg-path', '/tmp/tmpgkxx8d1t']
[2026-03-22T18:25:51.931+0000] {standard_task_runner.py:91} INFO - Job 25: Subtask staging_table
[2026-03-22T18:25:51.968+0000] {task_command.py:426} INFO - Running <TaskInstance: update_db.staging_table manual__2026-03-22T18:25:51.270214+00:00 [running]> on host 0f6d464e48ad
[2026-03-22T18:25:52.012+0000] {taskinstance.py:2648} INFO - Exporting env vars: AIRFLOW_CTX_DAG_EMAIL='tanguturi.kranthi1008@gmail.com' AIRFLOW_CTX_DAG_OWNER='airflow' AIRFLOW_CTX_DAG_ID='update_db' AIRFLOW_CTX_TASK_ID='staging_table' AIRFLOW_CTX_EXECUTION_DATE='2026-03-22T18:25:51.270214+00:00' AIRFLOW_CTX_TRY_NUMBER='1' AIRFLOW_CTX_DAG_RUN_ID='manual__2026-03-22T18:25:51.270214+00:00'
[2026-03-22T18:25:52.013+0000] {taskinstance.py:430} INFO - ::endgroup::
[2026-03-22T18:25:52.021+0000] {base.py:84} INFO - Using connection ID 'postgres_db_yt_elt' for task execution.
[2026-03-22T18:25:52.025+0000] {data_loading.py:13} INFO - Processing file: YT_data_2026-03-22
[2026-03-22T18:25:52.026+0000] {base.py:84} INFO - Using connection ID 'postgres_db_yt_elt' for task execution.
[2026-03-22T18:25:52.028+0000] {base.py:84} INFO - Using connection ID 'postgres_db_yt_elt' for task execution.
[2026-03-22T18:25:52.031+0000] {data_modification.py:25} ERROR - Error inserting row with Video_Id : F0OkwXKcPSE
[2026-03-22T18:25:52.031+0000] {dwh.py:48} ERROR - An error occurred while updating staging table: 'publishedAt'
[2026-03-22T18:25:52.031+0000] {taskinstance.py:441} INFO - ::group::Post task execution logs
[2026-03-22T18:25:52.032+0000] {taskinstance.py:2905} ERROR - Task failed with exception
Traceback (most recent call last):
  File "/home/airflow/.local/lib/python3.10/site-packages/airflow/models/taskinstance.py", line 465, in _execute_task
    result = _execute_callable(context=context, **execute_callable_kwargs)
  File "/home/airflow/.local/lib/python3.10/site-packages/airflow/models/taskinstance.py", line 432, in _execute_callable
    return execute_callable(context=context, **execute_callable_kwargs)
  File "/home/airflow/.local/lib/python3.10/site-packages/airflow/models/baseoperator.py", line 401, in wrapper
    return func(self, *args, **kwargs)
  File "/home/airflow/.local/lib/python3.10/site-packages/airflow/decorators/base.py", line 265, in execute
    return_value = super().execute(context)
  File "/home/airflow/.local/lib/python3.10/site-packages/airflow/models/baseoperator.py", line 401, in wrapper
    return func(self, *args, **kwargs)
  File "/home/airflow/.local/lib/python3.10/site-packages/airflow/operators/python.py", line 235, in execute
    return_value = self.execute_callable()
  File "/home/airflow/.local/lib/python3.10/site-packages/airflow/operators/python.py", line 252, in execute_callable
    return self.python_callable(*self.op_args, **self.op_kwargs)
  File "/opt/airflow/dags/datawarehouse/dwh.py", line 49, in staging_table
    raise e
  File "/opt/airflow/dags/datawarehouse/dwh.py", line 29, in staging_table
    insert_rows(cur,conn,schema,row)
  File "/opt/airflow/dags/datawarehouse/data_modification.py", line 26, in insert_rows
    raise e
  File "/opt/airflow/dags/datawarehouse/data_modification.py", line 11, in insert_rows
    curr.execute(f"""insert into {schema}.{table} ("Video_Id","Video_Title","Upload_Date","Duration","Video_Views","Likes_Count","Comments_Count")
  File "/home/airflow/.local/lib/python3.10/site-packages/psycopg2/extras.py", line 236, in execute
    return super().execute(query, vars)
KeyError: 'publishedAt'
[2026-03-22T18:25:52.038+0000] {taskinstance.py:1206} INFO - Marking task as FAILED. dag_id=update_db, task_id=staging_table, run_id=manual__2026-03-22T18:25:51.270214+00:00, execution_date=20260322T182551, start_date=20260322T182551, end_date=20260322T182552
[2026-03-22T18:25:52.043+0000] {standard_task_runner.py:110} ERROR - Failed to execute job 25 for task staging_table ('publishedAt'; 868)
[2026-03-22T18:25:52.074+0000] {local_task_job_runner.py:240} INFO - Task exited with return code 1
[2026-03-22T18:25:52.086+0000] {taskinstance.py:3503} INFO - 0 downstream tasks scheduled from follow-on schedule check
[2026-03-22T18:25:52.088+0000] {local_task_job_runner.py:222} INFO - ::endgroup::
