[2026-03-26T14:00:01.742+0000] {local_task_job_runner.py:120} INFO - ::group::Pre task execution logs
[2026-03-26T14:00:01.752+0000] {taskinstance.py:2076} INFO - Dependencies all met for dep_context=non-requeueable deps ti=<TaskInstance: update_db.core_table scheduled__2026-03-25T14:00:00+00:00 [queued]>
[2026-03-26T14:00:01.756+0000] {taskinstance.py:2076} INFO - Dependencies all met for dep_context=requeueable deps ti=<TaskInstance: update_db.core_table scheduled__2026-03-25T14:00:00+00:00 [queued]>
[2026-03-26T14:00:01.756+0000] {taskinstance.py:2306} INFO - Starting attempt 1 of 1
[2026-03-26T14:00:01.762+0000] {taskinstance.py:2330} INFO - Executing <Task(_PythonDecoratedOperator): core_table> on 2026-03-25 14:00:00+00:00
[2026-03-26T14:00:01.764+0000] {standard_task_runner.py:63} INFO - Started process 4842 to run task
[2026-03-26T14:00:01.767+0000] {standard_task_runner.py:90} INFO - Running: ['airflow', 'tasks', 'run', 'update_db', 'core_table', 'scheduled__2026-03-25T14:00:00+00:00', '--job-id', '74', '--raw', '--subdir', 'DAGS_FOLDER/api/main.py', '--cfg-path', '/tmp/tmpnl1n9vb_']
[2026-03-26T14:00:01.767+0000] {standard_task_runner.py:91} INFO - Job 74: Subtask core_table
[2026-03-26T14:00:01.790+0000] {task_command.py:426} INFO - Running <TaskInstance: update_db.core_table scheduled__2026-03-25T14:00:00+00:00 [running]> on host c2229bc9173c
[2026-03-26T14:00:01.828+0000] {taskinstance.py:2648} INFO - Exporting env vars: AIRFLOW_CTX_DAG_EMAIL='tanguturi.kranthi1008@gmail.com' AIRFLOW_CTX_DAG_OWNER='airflow' AIRFLOW_CTX_DAG_ID='update_db' AIRFLOW_CTX_TASK_ID='core_table' AIRFLOW_CTX_EXECUTION_DATE='2026-03-25T14:00:00+00:00' AIRFLOW_CTX_TRY_NUMBER='1' AIRFLOW_CTX_DAG_RUN_ID='scheduled__2026-03-25T14:00:00+00:00'
[2026-03-26T14:00:01.828+0000] {taskinstance.py:430} INFO - ::endgroup::
[2026-03-26T14:00:01.832+0000] {base.py:84} INFO - Using connection ID 'postgres_db_yt_elt' for task execution.
[2026-03-26T14:00:01.836+0000] {base.py:84} INFO - Using connection ID 'postgres_db_yt_elt' for task execution.
[2026-03-26T14:00:01.840+0000] {base.py:84} INFO - Using connection ID 'postgres_db_yt_elt' for task execution.
[2026-03-26T14:00:01.843+0000] {data_modification.py:57} INFO - Updated row with Video_Id : F0OkwXKcPSE
[2026-03-26T14:00:01.844+0000] {data_modification.py:57} INFO - Updated row with Video_Id : BzKaMelDzqo
[2026-03-26T14:00:01.844+0000] {data_modification.py:57} INFO - Updated row with Video_Id : XhuisK0bTSA
[2026-03-26T14:00:01.844+0000] {data_modification.py:57} INFO - Updated row with Video_Id : bvlFjrcpD6s
[2026-03-26T14:00:01.845+0000] {data_modification.py:57} INFO - Updated row with Video_Id : Hwybp38GnZw
[2026-03-26T14:00:01.845+0000] {data_modification.py:57} INFO - Updated row with Video_Id : OAbP-V6fEVc
[2026-03-26T14:00:01.845+0000] {data_modification.py:57} INFO - Updated row with Video_Id : 6wsFjjhZPJI
[2026-03-26T14:00:01.846+0000] {data_modification.py:57} INFO - Updated row with Video_Id : nywT2SenPIo
[2026-03-26T14:00:01.846+0000] {data_modification.py:57} INFO - Updated row with Video_Id : VwWV4JelEzY
[2026-03-26T14:00:01.847+0000] {data_modification.py:57} INFO - Updated row with Video_Id : xWcldHxHFpo
[2026-03-26T14:00:01.847+0000] {data_modification.py:57} INFO - Updated row with Video_Id : VXmKt_1T0QM
[2026-03-26T14:00:01.847+0000] {data_modification.py:57} INFO - Updated row with Video_Id : HIhUkvAG0o4
[2026-03-26T14:00:01.848+0000] {data_modification.py:57} INFO - Updated row with Video_Id : pGYyUssWLTA
[2026-03-26T14:00:01.848+0000] {data_modification.py:57} INFO - Updated row with Video_Id : PRU47AuQF2M
[2026-03-26T14:00:01.848+0000] {data_modification.py:57} INFO - Updated row with Video_Id : 6bxZpS0cm5o
[2026-03-26T14:00:01.849+0000] {data_modification.py:57} INFO - Updated row with Video_Id : X_qd-1xSTFA
[2026-03-26T14:00:01.849+0000] {data_modification.py:57} INFO - Updated row with Video_Id : LMe7k8I082w
[2026-03-26T14:00:01.849+0000] {data_modification.py:57} INFO - Updated row with Video_Id : yyssjJEJMt4
[2026-03-26T14:00:01.849+0000] {data_modification.py:57} INFO - Updated row with Video_Id : M82VAcabSiA
[2026-03-26T14:00:01.850+0000] {data_modification.py:57} INFO - Updated row with Video_Id : 2XVcLrB7B3Y
[2026-03-26T14:00:01.850+0000] {dwh.py:97} INFO - core table updated successfully
[2026-03-26T14:00:01.850+0000] {python.py:237} INFO - Done. Returned value was: None
[2026-03-26T14:00:01.852+0000] {taskinstance.py:441} INFO - ::group::Post task execution logs
[2026-03-26T14:00:01.856+0000] {taskinstance.py:1206} INFO - Marking task as SUCCESS. dag_id=update_db, task_id=core_table, run_id=scheduled__2026-03-25T14:00:00+00:00, execution_date=20260325T140000, start_date=20260326T140001, end_date=20260326T140001
[2026-03-26T14:00:01.864+0000] {local_task_job_runner.py:240} INFO - Task exited with return code 0
[2026-03-26T14:00:01.874+0000] {taskinstance.py:3503} INFO - 0 downstream tasks scheduled from follow-on schedule check
[2026-03-26T14:00:01.874+0000] {local_task_job_runner.py:222} INFO - ::endgroup::
