[2026-03-22T17:40:52.139+0000] {local_task_job_runner.py:120} INFO - ::group::Pre task execution logs
[2026-03-22T17:40:52.163+0000] {taskinstance.py:2076} INFO - Dependencies all met for dep_context=non-requeueable deps ti=<TaskInstance: update_db.staging_table manual__2026-03-22T17:40:51.337183+00:00 [queued]>
[2026-03-22T17:40:52.169+0000] {taskinstance.py:2076} INFO - Dependencies all met for dep_context=requeueable deps ti=<TaskInstance: update_db.staging_table manual__2026-03-22T17:40:51.337183+00:00 [queued]>
[2026-03-22T17:40:52.169+0000] {taskinstance.py:2306} INFO - Starting attempt 1 of 1
[2026-03-22T17:40:52.177+0000] {taskinstance.py:2330} INFO - Executing <Task(_PythonDecoratedOperator): staging_table> on 2026-03-22 17:40:51.337183+00:00
[2026-03-22T17:40:52.183+0000] {standard_task_runner.py:63} INFO - Started process 245 to run task
[2026-03-22T17:40:52.188+0000] {standard_task_runner.py:90} INFO - Running: ['airflow', 'tasks', 'run', 'update_db', 'staging_table', 'manual__2026-03-22T17:40:51.337183+00:00', '--job-id', '15', '--raw', '--subdir', 'DAGS_FOLDER/api/main.py', '--cfg-path', '/tmp/tmpjbgst6h9']
[2026-03-22T17:40:52.190+0000] {standard_task_runner.py:91} INFO - Job 15: Subtask staging_table
[2026-03-22T17:40:52.271+0000] {task_command.py:426} INFO - Running <TaskInstance: update_db.staging_table manual__2026-03-22T17:40:51.337183+00:00 [running]> on host 0f6d464e48ad
[2026-03-22T17:40:52.362+0000] {taskinstance.py:2648} INFO - Exporting env vars: AIRFLOW_CTX_DAG_EMAIL='tanguturi.kranthi1008@gmail.com' AIRFLOW_CTX_DAG_OWNER='airflow' AIRFLOW_CTX_DAG_ID='update_db' AIRFLOW_CTX_TASK_ID='staging_table' AIRFLOW_CTX_EXECUTION_DATE='2026-03-22T17:40:51.337183+00:00' AIRFLOW_CTX_TRY_NUMBER='1' AIRFLOW_CTX_DAG_RUN_ID='manual__2026-03-22T17:40:51.337183+00:00'
[2026-03-22T17:40:52.364+0000] {taskinstance.py:430} INFO - ::endgroup::
[2026-03-22T17:40:52.379+0000] {dwh.py:48} ERROR - An error occurred while updating staging table: The conn_id `AIRFLOW_CONN_POSTGRES_DB_YT_ELT` isn't defined
[2026-03-22T17:40:52.379+0000] {taskinstance.py:441} INFO - ::group::Post task execution logs
[2026-03-22T17:40:52.386+0000] {taskinstance.py:2905} ERROR - Task failed with exception
Traceback (most recent call last):
  File "/home/airflow/.local/lib/python3.10/site-packages/airflow/models/taskinstance.py", line 465, in _execute_task
    result = _execute_callable(context=context, **execute_callable_kwargs)
  File "/home/airflow/.local/lib/python3.10/site-packages/airflow/models/taskinstance.py", line 432, in _execute_callable
    return execute_callable(context=context, **execute_callable_kwargs)
  File "/home/airflow/.local/lib/python3.10/site-packages/airflow/models/baseoperator.py", line 401, in wrapper
    return func(self, *args, **kwargs)
  File "/home/airflow/.local/lib/python3.10/site-packages/airflow/decorators/base.py", line 265, in execute
    return_value = super().execute(context)
  File "/home/airflow/.local/lib/python3.10/site-packages/airflow/models/baseoperator.py", line 401, in wrapper
    return func(self, *args, **kwargs)
  File "/home/airflow/.local/lib/python3.10/site-packages/airflow/operators/python.py", line 235, in execute
    return_value = self.execute_callable()
  File "/home/airflow/.local/lib/python3.10/site-packages/airflow/operators/python.py", line 252, in execute_callable
    return self.python_callable(*self.op_args, **self.op_kwargs)
  File "/opt/airflow/dags/datawarehouse/dwh.py", line 49, in staging_table
    raise e
  File "/opt/airflow/dags/datawarehouse/dwh.py", line 20, in staging_table
    conn, curr = get_conn_cursor()
  File "/opt/airflow/dags/datawarehouse/data_utils.py", line 8, in get_conn_cursor
    conn = hook.get_conn()
  File "/home/airflow/.local/lib/python3.10/site-packages/airflow/providers/postgres/hooks/postgres.py", line 145, in get_conn
    conn = deepcopy(self.connection or self.get_connection(conn_id))
  File "/home/airflow/.local/lib/python3.10/site-packages/airflow/hooks/base.py", line 83, in get_connection
    conn = Connection.get_connection_from_secrets(conn_id)
  File "/home/airflow/.local/lib/python3.10/site-packages/airflow/models/connection.py", line 519, in get_connection_from_secrets
    raise AirflowNotFoundException(f"The conn_id `{conn_id}` isn't defined")
airflow.exceptions.AirflowNotFoundException: The conn_id `AIRFLOW_CONN_POSTGRES_DB_YT_ELT` isn't defined
[2026-03-22T17:40:52.391+0000] {taskinstance.py:1206} INFO - Marking task as FAILED. dag_id=update_db, task_id=staging_table, run_id=manual__2026-03-22T17:40:51.337183+00:00, execution_date=20260322T174051, start_date=20260322T174052, end_date=20260322T174052
[2026-03-22T17:40:52.397+0000] {standard_task_runner.py:110} ERROR - Failed to execute job 15 for task staging_table (The conn_id `AIRFLOW_CONN_POSTGRES_DB_YT_ELT` isn't defined; 245)
[2026-03-22T17:40:52.409+0000] {local_task_job_runner.py:240} INFO - Task exited with return code 1
[2026-03-22T17:40:52.425+0000] {taskinstance.py:3503} INFO - 0 downstream tasks scheduled from follow-on schedule check
[2026-03-22T17:40:52.427+0000] {local_task_job_runner.py:222} INFO - ::endgroup::
